<?xml version="1.0" encoding="UTF-8"?>
<!-- Generated by org.testng.reporters.JUnitXMLReporter -->
<testsuite hostname="LAPTOP-3QSEC7LE" ignored="0" name="Default test" tests="6" failures="0" timestamp="27 Jan 2019 00:50:04 GMT" time="131.829" errors="0">
  <testcase name="verifyContactspageLabel" time="0.248" classname="com.crm.qa.testcases.ContactspageTest"/>
  <testcase name="selectContactsTest" time="0.645" classname="com.crm.qa.testcases.ContactspageTest"/>
  <testcase name="selectMultipleContactsTest" time="0.546" classname="com.crm.qa.testcases.ContactspageTest"/>
  <testcase name="validateCreateNewContact" time="5.441" classname="com.crm.qa.testcases.ContactspageTest"/>
  <testcase name="validateCreateNewContact" time="6.835" classname="com.crm.qa.testcases.ContactspageTest"/>
  <testcase name="validateCreateNewContact" time="5.909" classname="com.crm.qa.testcases.ContactspageTest"/>
</testsuite> <!-- Default test -->
