<?xml version="1.0" encoding="UTF-8"?>
<!-- Generated by org.testng.reporters.JUnitXMLReporter -->
<testsuite hostname="LAPTOP-3QSEC7LE" ignored="0" name="Free CRM App Test Cases" tests="9" failures="0" timestamp="20 Jan 2019 01:12:16 GMT" time="142.205" errors="0">
  <testcase name="LoginPageTitleTest" time="0.103" classname="com.crm.qa.testcases.LoginPageTest"/>
  <testcase name="verifyHomePageTitleTest" time="0.021" classname="com.crm.qa.testcases.HomePageTest"/>
  <testcase name="verifyContactspageLabel" time="0.219" classname="com.crm.qa.testcases.ContactspageTest"/>
  <testcase name="crmLogoImageTest" time="0.158" classname="com.crm.qa.testcases.LoginPageTest"/>
  <testcase name="verifyUserNameTest" time="0.127" classname="com.crm.qa.testcases.HomePageTest"/>
  <testcase name="selectContactsTest" time="0.216" classname="com.crm.qa.testcases.ContactspageTest"/>
  <testcase name="loginTest" time="4.609" classname="com.crm.qa.testcases.LoginPageTest"/>
  <testcase name="verifyContactsLinkTest" time="1.543" classname="com.crm.qa.testcases.HomePageTest"/>
  <testcase name="selectMultipleContactsTest" time="0.374" classname="com.crm.qa.testcases.ContactspageTest"/>
</testsuite> <!-- Free CRM App Test Cases -->
