<?xml version="1.0" encoding="UTF-8"?>
<testng-results skipped="0" failed="0" ignored="0" total="6" passed="6">
  <reporter-output>
  </reporter-output>
  <suite name="Default suite" duration-ms="131829" started-at="2019-01-27T00:47:52Z" finished-at="2019-01-27T00:50:04Z">
    <groups>
    </groups>
    <test name="Default test" duration-ms="131829" started-at="2019-01-27T00:47:52Z" finished-at="2019-01-27T00:50:04Z">
      <class name="com.crm.qa.testcases.ContactspageTest">
        <test-method status="PASS" signature="setUp()[pri:0, instance:com.crm.qa.testcases.ContactspageTest@5b275dab]" name="setUp" is-config="true" duration-ms="21254" started-at="2019-01-26T18:47:52Z" finished-at="2019-01-26T18:48:13Z">
          <reporter-output>
          </reporter-output>
        </test-method> <!-- setUp -->
        <test-method status="PASS" signature="verifyContactspageLabel()[pri:1, instance:com.crm.qa.testcases.ContactspageTest@5b275dab]" name="verifyContactspageLabel" duration-ms="248" started-at="2019-01-26T18:48:13Z" finished-at="2019-01-26T18:48:14Z">
          <reporter-output>
          </reporter-output>
        </test-method> <!-- verifyContactspageLabel -->
        <test-method status="PASS" signature="tearDown()[pri:0, instance:com.crm.qa.testcases.ContactspageTest@5b275dab]" name="tearDown" is-config="true" duration-ms="1180" started-at="2019-01-26T18:48:14Z" finished-at="2019-01-26T18:48:15Z">
          <reporter-output>
          </reporter-output>
        </test-method> <!-- tearDown -->
        <test-method status="PASS" signature="setUp()[pri:0, instance:com.crm.qa.testcases.ContactspageTest@5b275dab]" name="setUp" is-config="true" duration-ms="16153" started-at="2019-01-26T18:48:15Z" finished-at="2019-01-26T18:48:31Z">
          <reporter-output>
          </reporter-output>
        </test-method> <!-- setUp -->
        <test-method status="PASS" signature="selectContactsTest()[pri:2, instance:com.crm.qa.testcases.ContactspageTest@5b275dab]" name="selectContactsTest" duration-ms="645" started-at="2019-01-26T18:48:31Z" finished-at="2019-01-26T18:48:32Z">
          <reporter-output>
          </reporter-output>
        </test-method> <!-- selectContactsTest -->
        <test-method status="PASS" signature="tearDown()[pri:0, instance:com.crm.qa.testcases.ContactspageTest@5b275dab]" name="tearDown" is-config="true" duration-ms="1214" started-at="2019-01-26T18:48:32Z" finished-at="2019-01-26T18:48:33Z">
          <reporter-output>
          </reporter-output>
        </test-method> <!-- tearDown -->
        <test-method status="PASS" signature="setUp()[pri:0, instance:com.crm.qa.testcases.ContactspageTest@5b275dab]" name="setUp" is-config="true" duration-ms="16221" started-at="2019-01-26T18:48:33Z" finished-at="2019-01-26T18:48:49Z">
          <reporter-output>
          </reporter-output>
        </test-method> <!-- setUp -->
        <test-method status="PASS" signature="selectMultipleContactsTest()[pri:3, instance:com.crm.qa.testcases.ContactspageTest@5b275dab]" name="selectMultipleContactsTest" duration-ms="546" started-at="2019-01-26T18:48:49Z" finished-at="2019-01-26T18:48:50Z">
          <reporter-output>
          </reporter-output>
        </test-method> <!-- selectMultipleContactsTest -->
        <test-method status="PASS" signature="tearDown()[pri:0, instance:com.crm.qa.testcases.ContactspageTest@5b275dab]" name="tearDown" is-config="true" duration-ms="992" started-at="2019-01-26T18:48:50Z" finished-at="2019-01-26T18:48:51Z">
          <reporter-output>
          </reporter-output>
        </test-method> <!-- tearDown -->
        <test-method status="PASS" signature="setUp()[pri:0, instance:com.crm.qa.testcases.ContactspageTest@5b275dab]" name="setUp" is-config="true" duration-ms="15935" started-at="2019-01-26T18:48:53Z" finished-at="2019-01-26T18:49:09Z">
          <reporter-output>
          </reporter-output>
        </test-method> <!-- setUp -->
        <test-method status="PASS" signature="validateCreateNewContact(java.lang.String, java.lang.String, java.lang.String, java.lang.String)[pri:4, instance:com.crm.qa.testcases.ContactspageTest@5b275dab]" name="validateCreateNewContact" duration-ms="5441" started-at="2019-01-26T18:49:09Z" data-provider="getCRMTestData" finished-at="2019-01-26T18:49:14Z">
          <params>
            <param index="0">
              <value>
                <![CDATA[Mr.]]>
              </value>
            </param>
            <param index="1">
              <value>
                <![CDATA[Vyom]]>
              </value>
            </param>
            <param index="2">
              <value>
                <![CDATA[Jagani]]>
              </value>
            </param>
            <param index="3">
              <value>
                <![CDATA[Yahoo]]>
              </value>
            </param>
          </params>
          <reporter-output>
          </reporter-output>
        </test-method> <!-- validateCreateNewContact -->
        <test-method status="PASS" signature="tearDown()[pri:0, instance:com.crm.qa.testcases.ContactspageTest@5b275dab]" name="tearDown" is-config="true" duration-ms="1448" started-at="2019-01-26T18:49:14Z" finished-at="2019-01-26T18:49:15Z">
          <reporter-output>
          </reporter-output>
        </test-method> <!-- tearDown -->
        <test-method status="PASS" signature="setUp()[pri:0, instance:com.crm.qa.testcases.ContactspageTest@5b275dab]" name="setUp" is-config="true" duration-ms="16909" started-at="2019-01-26T18:49:15Z" finished-at="2019-01-26T18:49:32Z">
          <reporter-output>
          </reporter-output>
        </test-method> <!-- setUp -->
        <test-method status="PASS" signature="validateCreateNewContact(java.lang.String, java.lang.String, java.lang.String, java.lang.String)[pri:4, instance:com.crm.qa.testcases.ContactspageTest@5b275dab]" name="validateCreateNewContact" duration-ms="6835" started-at="2019-01-26T18:49:32Z" data-provider="getCRMTestData" finished-at="2019-01-26T18:49:39Z">
          <params>
            <param index="0">
              <value>
                <![CDATA[Dr.]]>
              </value>
            </param>
            <param index="1">
              <value>
                <![CDATA[Niva]]>
              </value>
            </param>
            <param index="2">
              <value>
                <![CDATA[Jagani]]>
              </value>
            </param>
            <param index="3">
              <value>
                <![CDATA[Google]]>
              </value>
            </param>
          </params>
          <reporter-output>
          </reporter-output>
        </test-method> <!-- validateCreateNewContact -->
        <test-method status="PASS" signature="tearDown()[pri:0, instance:com.crm.qa.testcases.ContactspageTest@5b275dab]" name="tearDown" is-config="true" duration-ms="1429" started-at="2019-01-26T18:49:39Z" finished-at="2019-01-26T18:49:41Z">
          <reporter-output>
          </reporter-output>
        </test-method> <!-- tearDown -->
        <test-method status="PASS" signature="setUp()[pri:0, instance:com.crm.qa.testcases.ContactspageTest@5b275dab]" name="setUp" is-config="true" duration-ms="16082" started-at="2019-01-26T18:49:41Z" finished-at="2019-01-26T18:49:57Z">
          <reporter-output>
          </reporter-output>
        </test-method> <!-- setUp -->
        <test-method status="PASS" signature="validateCreateNewContact(java.lang.String, java.lang.String, java.lang.String, java.lang.String)[pri:4, instance:com.crm.qa.testcases.ContactspageTest@5b275dab]" name="validateCreateNewContact" duration-ms="5909" started-at="2019-01-26T18:49:57Z" data-provider="getCRMTestData" finished-at="2019-01-26T18:50:03Z">
          <params>
            <param index="0">
              <value>
                <![CDATA[Mrs.]]>
              </value>
            </param>
            <param index="1">
              <value>
                <![CDATA[Mona]]>
              </value>
            </param>
            <param index="2">
              <value>
                <![CDATA[Patel]]>
              </value>
            </param>
            <param index="3">
              <value>
                <![CDATA[EyeLevel]]>
              </value>
            </param>
          </params>
          <reporter-output>
          </reporter-output>
        </test-method> <!-- validateCreateNewContact -->
        <test-method status="PASS" signature="tearDown()[pri:0, instance:com.crm.qa.testcases.ContactspageTest@5b275dab]" name="tearDown" is-config="true" duration-ms="1319" started-at="2019-01-26T18:50:03Z" finished-at="2019-01-26T18:50:04Z">
          <reporter-output>
          </reporter-output>
        </test-method> <!-- tearDown -->
      </class> <!-- com.crm.qa.testcases.ContactspageTest -->
    </test> <!-- Default test -->
  </suite> <!-- Default suite -->
</testng-results>
